Removed Pin From Net: NetName=out Pin=IC1-6
Removed Pin From Net: NetName=out Pin=R5-2
Change Component Designator: OldDesignator=+IN NewDesignator=P7
Change Component Designator: OldDesignator= NewDesignator=P1
Change Component Designator: OldDesignator= NewDesignator=P3
Change Component Designator: OldDesignator= NewDesignator=P4
Change Component Designator: OldDesignator=-IN NewDesignator=P5
Change Component Designator: OldDesignator=Out NewDesignator=P6
Change Component Designator: OldDesignator=Vref Set NewDesignator=P2
Added Component: Designator=R6(0805D)
Add component. Clean all parameters for all variants
Add component (AddParameter): Name = "LatestRevisionDate"; Value = "29-May-2009"; VariantName = "[No Variations]"
Add component (AddParameter): Name = "LatestRevisionNote"; Value = "IPC-7351 Footprint Added."; VariantName = "[No Variations]"
Add component (AddParameter): Name = "PackageDescription"; Value = "Chip Resistor"; VariantName = "[No Variations]"
Add component (AddParameter): Name = "PackageReference"; Value = "J1-0603"; VariantName = "[No Variations]"
Add component (AddParameter): Name = "Published"; Value = "8-Jun-2000"; VariantName = "[No Variations]"
Add component (AddParameter): Name = "Publisher"; Value = "Altium Limited"; VariantName = "[No Variations]"
Add component (AddParameter): Name = "Value"; Value = "50"; VariantName = "[No Variations]"
Added Pin To Net: NetName=out Pin=R6-1
Added Pin To Net: NetName=NetIC1_6 Pin=IC1-6
Added Pin To Net: NetName=NetIC1_6 Pin=R5-2
Added Pin To Net: NetName=NetIC1_6 Pin=R6-2
Added Net: Name=NetIC1_6
Added Member To Class: ClassName=Comparator Member=Component P1 Header 2
Added Member To Class: ClassName=Comparator Member=Component P3 Header 2
Added Member To Class: ClassName=Comparator Member=Component P4 Header 2
Added Member To Class: ClassName=Comparator Member=Component P6 SMA
Added Member To Class: ClassName=Comparator Member=Component R6 Res3
Added Room: Name=Comparator
