Change Component Designator: OldDesignator= NewDesignator=P1
Change Component Designator: OldDesignator= NewDesignator=P3
Change Component Designator: OldDesignator=IN+ NewDesignator=P7
Change Component Designator: OldDesignator=IN- NewDesignator=P5
Change Component Designator: OldDesignator=OUT NewDesignator=P6
Added Component: Designator=C3(0805D)
Add component. Clean all parameters for all variants
Added Component: Designator=C4(0805D)
Add component. Clean all parameters for all variants
Added Pin To Net: NetName=GND Pin=C3-2
Added Pin To Net: NetName=GND Pin=C4-2
Added Pin To Net: NetName=NetC3_1 Pin=C3-1
Added Pin To Net: NetName=NetC3_1 Pin=C4-1
Added Pin To Net: NetName=NetC3_1 Pin=P2-1
Added Net: Name=NetC3_1
Added Member To Class: ClassName=Comparator Member=Component C3 100n
Added Member To Class: ClassName=Comparator Member=Component C4 10u
Added Member To Class: ClassName=Comparator Member=Component P1 Header 2
Added Member To Class: ClassName=Comparator Member=Component P3 Header 2
Added Member To Class: ClassName=Comparator Member=Component P6 SMA
Added Room: Name=Comparator
