Added Component: Designator=C1(0805D)
Add component. Clean all parameters for all variants
Add component (AddParameter): Name = "BOM名称"; Value = "无极性贴片电容"; VariantName = "[No Variations]"
Add component (AddParameter): Name = "学习资源"; Value = "www.ooocke.com"; VariantName = "[No Variations]"
Add component (AddParameter): Name = "版权归属"; Value = "源创客"; VariantName = "[No Variations]"
Added Component: Designator=C2(0805D)
Add component. Clean all parameters for all variants
Add component (AddParameter): Name = "BOM名称"; Value = "无极性贴片电容"; VariantName = "[No Variations]"
Add component (AddParameter): Name = "学习资源"; Value = "www.ooocke.com"; VariantName = "[No Variations]"
Add component (AddParameter): Name = "版权归属"; Value = "源创客"; VariantName = "[No Variations]"
Added Component: Designator=CHANG1(SMA1)
Add component. Clean all parameters for all variants
Added Component: Designator=CHANG2(SMA1)
Add component. Clean all parameters for all variants
Added Component: Designator=IN1(SMA1)
Add component. Clean all parameters for all variants
Added Component: Designator=IN2(SMA1)
Add component. Clean all parameters for all variants
Added Component: Designator=K1(ATQ209)
Add component. Clean all parameters for all variants
Add component (AddParameter): Name = "Arrow Part Number"; Value = ""; VariantName = "[No Variations]"
Add component (AddParameter): Name = "Arrow Price/Stock"; Value = ""; VariantName = "[No Variations]"
Add component (AddParameter): Name = "Datasheet Link"; Value = "https://www3.panasonic.biz/ac/j/dl/catalog/index.jsp?series_cd=1203&part_no=ATQ209"; VariantName = "[No Variations]"
Add component (AddParameter): Name = "Height"; Value = "5.4mm"; VariantName = "[No Variations]"
Add component (AddParameter): Name = "Manufacturer_Name"; Value = "Panasonic"; VariantName = "[No Variations]"
Add component (AddParameter): Name = "Manufacturer_Part_Number"; Value = "ATQ209"; VariantName = "[No Variations]"
Add component (AddParameter): Name = "Mouser Part Number"; Value = ""; VariantName = "[No Variations]"
Add component (AddParameter): Name = "Mouser Price/Stock"; Value = ""; VariantName = "[No Variations]"
Added Component: Designator=MCU1(HDR1X2)
Add component. Clean all parameters for all variants
Add component (AddParameter): Name = "LatestRevisionDate"; Value = "17-Jul-2002"; VariantName = "[No Variations]"
Add component (AddParameter): Name = "LatestRevisionNote"; Value = "Re-released for DXP Platform."; VariantName = "[No Variations]"
Add component (AddParameter): Name = "Publisher"; Value = "Altium Limited"; VariantName = "[No Variations]"
Added Component: Designator=OUT1(SMA1)
Add component. Clean all parameters for all variants
Added Component: Designator=OUT2(SMA1)
Add component. Clean all parameters for all variants
Added Component: Designator=POWER1(HDR1X2)
Add component. Clean all parameters for all variants
Add component (AddParameter): Name = "LatestRevisionDate"; Value = "17-Jul-2002"; VariantName = "[No Variations]"
Add component (AddParameter): Name = "LatestRevisionNote"; Value = "Re-released for DXP Platform."; VariantName = "[No Variations]"
Add component (AddParameter): Name = "Publisher"; Value = "Altium Limited"; VariantName = "[No Variations]"
Added Component: Designator=Q1(SOT-23)
Add component. Clean all parameters for all variants
Add component (AddParameter): Name = "Code_JEDEC"; Value = "TO-226-AA"; VariantName = "[No Variations]"
Add component (AddParameter): Name = "LatestRevisionDate"; Value = "17-Jul-2002"; VariantName = "[No Variations]"
Add component (AddParameter): Name = "LatestRevisionNote"; Value = "Re-released for DXP Platform."; VariantName = "[No Variations]"
Add component (AddParameter): Name = "PackageDescription"; Value = "TO, Flat Index; 3 In-Line, Axial Leads; Body Dia. 4.8mm; Leads 0.55 x 0.51 mm (max)"; VariantName = "[No Variations]"
Add component (AddParameter): Name = "PackageReference"; Value = "TO-226-AA"; VariantName = "[No Variations]"
Add component (AddParameter): Name = "Published"; Value = "8-Jun-2000"; VariantName = "[No Variations]"
Add component (AddParameter): Name = "Publisher"; Value = "Altium Limited"; VariantName = "[No Variations]"
Added Component: Designator=R1(0805D)
Add component. Clean all parameters for all variants
Add component (AddParameter): Name = "BOM名称"; Value = "贴片电阻"; VariantName = "[No Variations]"
Add component (AddParameter): Name = "学习资源"; Value = "www.ooocke.com"; VariantName = "[No Variations]"
Add component (AddParameter): Name = "版权归属"; Value = "源创客"; VariantName = "[No Variations]"
Added Component: Designator=R2(0805D)
Add component. Clean all parameters for all variants
Add component (AddParameter): Name = "BOM名称"; Value = "贴片电阻"; VariantName = "[No Variations]"
Add component (AddParameter): Name = "学习资源"; Value = "www.ooocke.com"; VariantName = "[No Variations]"
Add component (AddParameter): Name = "版权归属"; Value = "源创客"; VariantName = "[No Variations]"
Added Component: Designator=R3(0805D)
Add component. Clean all parameters for all variants
Add component (AddParameter): Name = "BOM名称"; Value = "贴片电阻"; VariantName = "[No Variations]"
Add component (AddParameter): Name = "学习资源"; Value = "www.ooocke.com"; VariantName = "[No Variations]"
Add component (AddParameter): Name = "版权归属"; Value = "源创客"; VariantName = "[No Variations]"
Added Component: Designator=R4(0805D)
Add component. Clean all parameters for all variants
Add component (AddParameter): Name = "LatestRevisionDate"; Value = "29-May-2009"; VariantName = "[No Variations]"
Add component (AddParameter): Name = "LatestRevisionNote"; Value = "IPC-7351 Footprint Added."; VariantName = "[No Variations]"
Add component (AddParameter): Name = "PackageDescription"; Value = "Chip Resistor"; VariantName = "[No Variations]"
Add component (AddParameter): Name = "PackageReference"; Value = "J1-0603"; VariantName = "[No Variations]"
Add component (AddParameter): Name = "Published"; Value = "8-Jun-2000"; VariantName = "[No Variations]"
Add component (AddParameter): Name = "Publisher"; Value = "Altium Limited"; VariantName = "[No Variations]"
Add component (AddParameter): Name = "Value"; Value = "10K"; VariantName = "[No Variations]"
Added Component: Designator=R5(0805D)
Add component. Clean all parameters for all variants
Add component (AddParameter): Name = "LatestRevisionDate"; Value = "29-May-2009"; VariantName = "[No Variations]"
Add component (AddParameter): Name = "LatestRevisionNote"; Value = "IPC-7351 Footprint Added."; VariantName = "[No Variations]"
Add component (AddParameter): Name = "PackageDescription"; Value = "Chip Resistor"; VariantName = "[No Variations]"
Add component (AddParameter): Name = "PackageReference"; Value = "J1-0603"; VariantName = "[No Variations]"
Add component (AddParameter): Name = "Published"; Value = "8-Jun-2000"; VariantName = "[No Variations]"
Add component (AddParameter): Name = "Publisher"; Value = "Altium Limited"; VariantName = "[No Variations]"
Add component (AddParameter): Name = "Value"; Value = "3.3k"; VariantName = "[No Variations]"
Added Pin To Net: NetName=+5 Pin=C1-1
Added Pin To Net: NetName=+5 Pin=K1-1
Added Pin To Net: NetName=+5 Pin=POWER1-1
Added Net: Name=+5
Added Pin To Net: NetName=GND Pin=C1-2
Added Pin To Net: NetName=GND Pin=C2-2
Added Pin To Net: NetName=GND Pin=CHANG1-2
Added Pin To Net: NetName=GND Pin=CHANG1-2
Added Pin To Net: NetName=GND Pin=CHANG2-2
Added Pin To Net: NetName=GND Pin=CHANG2-2
Added Pin To Net: NetName=GND Pin=IN1-2
Added Pin To Net: NetName=GND Pin=IN1-2
Added Pin To Net: NetName=GND Pin=IN2-2
Added Pin To Net: NetName=GND Pin=IN2-2
Added Pin To Net: NetName=GND Pin=MCU1-2
Added Pin To Net: NetName=GND Pin=OUT1-2
Added Pin To Net: NetName=GND Pin=OUT1-2
Added Pin To Net: NetName=GND Pin=OUT2-2
Added Pin To Net: NetName=GND Pin=OUT2-2
Added Pin To Net: NetName=GND Pin=POWER1-2
Added Pin To Net: NetName=GND Pin=R4-2
Added Net: Name=GND
Added Pin To Net: NetName=NetC2_1 Pin=C2-1
Added Pin To Net: NetName=NetC2_1 Pin=K1-10
Added Net: Name=NetC2_1
Added Pin To Net: NetName=NetCHANG1_1 Pin=CHANG1-1
Added Pin To Net: NetName=NetCHANG1_1 Pin=K1-4
Added Pin To Net: NetName=NetCHANG1_1 Pin=R1-1
Added Net: Name=NetCHANG1_1
Added Pin To Net: NetName=NetCHANG2_1 Pin=CHANG2-1
Added Pin To Net: NetName=NetCHANG2_1 Pin=K1-7
Added Pin To Net: NetName=NetCHANG2_1 Pin=R3-2
Added Net: Name=NetCHANG2_1
Added Pin To Net: NetName=NetIN1_1 Pin=IN1-1
Added Pin To Net: NetName=NetIN1_1 Pin=K1-3
Added Net: Name=NetIN1_1
Added Pin To Net: NetName=NetIN2_1 Pin=IN2-1
Added Pin To Net: NetName=NetIN2_1 Pin=K1-8
Added Net: Name=NetIN2_1
Added Pin To Net: NetName=NetK1_2 Pin=K1-2
Added Pin To Net: NetName=NetK1_2 Pin=OUT1-1
Added Net: Name=NetK1_2
Added Pin To Net: NetName=NetK1_9 Pin=K1-9
Added Pin To Net: NetName=NetK1_9 Pin=OUT2-1
Added Net: Name=NetK1_9
Added Pin To Net: NetName=NetMCU1_1 Pin=MCU1-1
Added Pin To Net: NetName=NetMCU1_1 Pin=R5-1
Added Net: Name=NetMCU1_1
Added Pin To Net: NetName=NetQ1_2 Pin=R4-1
Added Pin To Net: NetName=NetQ1_2 Pin=R5-2
Added Net: Name=NetQ1_2
Added Pin To Net: NetName=NetR1_2 Pin=R1-2
Added Pin To Net: NetName=NetR1_2 Pin=R2-1
Added Net: Name=NetR1_2
Added Pin To Net: NetName=NetR2_2 Pin=R2-2
Added Pin To Net: NetName=NetR2_2 Pin=R3-1
Added Net: Name=NetR2_2
Added Class: Name=Relay_Ctrl
Added Room: Name=Relay_Ctrl
