Change Component Designator: Old Designator=? New Designator=1
Change Component Designator: Old Designator=? New Designator=2
Change Component Designator: Old Designator=C? New Designator=C1
Change Component Designator: Old Designator=C? New Designator=C2
Change Component Designator: Old Designator=C? New Designator=C3
Change Component Designator: Old Designator=C? New Designator=C4
Change Component Designator: Old Designator=CHANG? New Designator=CHANG1
Change Component Designator: Old Designator=CHANG? New Designator=CHANG2
Change Component Designator: Old Designator=IN? New Designator=IN1
Change Component Designator: Old Designator=IN? New Designator=IN2
Change Component Designator: Old Designator=J? New Designator=J1
Change Component Designator: Old Designator=J? New Designator=J2
Change Component Designator: Old Designator=MCU? New Designator=MCU1
Change Component Designator: Old Designator=MCU? New Designator=MCU2
Change Component Designator: Old Designator=OUT? New Designator=OUT1
Change Component Designator: Old Designator=P? New Designator=P1
Change Component Designator: Old Designator=P? New Designator=P2
Change Component Designator: Old Designator=POWER? New Designator=POWER1
Change Component Designator: Old Designator=POWER? New Designator=POWER2
Change Component Designator: Old Designator=R? New Designator=R1
Change Component Designator: Old Designator=R? New Designator=R2
Change Component Designator: Old Designator=R? New Designator=R3
Change Component Designator: Old Designator=R? New Designator=R4
Change Component Designator: Old Designator=R? New Designator=R5
Change Component Designator: Old Designator=R? New Designator=R6
